
*** Running vivado
    with args -log gcd_top.vds -m64 -product Vivado -mode batch -messageDb vivado.pb -notrace -source gcd_top.tcl



****** Vivado v2020.2 (64-bit)
  **** SW Build 3064766 on Wed Nov 18 09:12:45 MST 2020
  **** IP Build 3064653 on Wed Nov 18 14:17:31 MST 2020
    ** Copyright 1986-2020 Xilinx, Inc. All Rights Reserved.

source gcd_top.tcl -notrace
Command: synth_design -top gcd_top -part xc7a100tcsg324-1
Starting synth_design
Attempting to get a license for feature 'Synthesis' and/or device 'xc7a100t'
INFO: [Common 17-349] Got license for feature 'Synthesis' and/or device 'xc7a100t'
INFO: [Device 21-403] Loading part xc7a100tcsg324-1
INFO: [Synth 8-7079] Multithreading enabled for synth_design using a maximum of 2 processes.
INFO: [Synth 8-7078] Launching helper process for spawning children vivado processes
INFO: [Synth 8-7075] Helper process launched with PID 31092
---------------------------------------------------------------------------------
Starting RTL Elaboration : Time (s): cpu = 00:00:04 ; elapsed = 00:00:05 . Memory (MB): peak = 1014.852 ; gain = 0.000
---------------------------------------------------------------------------------
INFO: [Synth 8-638] synthesizing module 'gcd_top' [C:/Users/ruft/SCHOOL/GCD_BASE/GCD_BASE.srcs/sources_1/imports/task2/gcd_top.vhd:27]
INFO: [Synth 8-3491] module 'debounce' declared at 'C:/Users/ruft/SCHOOL/GCD_BASE/GCD_BASE.srcs/sources_1/imports/task2/debounce.vhd:5' bound to instance 'u1' of component 'debounce' [C:/Users/ruft/SCHOOL/GCD_BASE/GCD_BASE.srcs/sources_1/imports/task2/gcd_top.vhd:52]
INFO: [Synth 8-638] synthesizing module 'debounce' [C:/Users/ruft/SCHOOL/GCD_BASE/GCD_BASE.srcs/sources_1/imports/task2/debounce.vhd:13]
WARNING: [Synth 8-614] signal 'reset' is read in the process but is not in the sensitivity list [C:/Users/ruft/SCHOOL/GCD_BASE/GCD_BASE.srcs/sources_1/imports/task2/debounce.vhd:23]
INFO: [Synth 8-256] done synthesizing module 'debounce' (1#1) [C:/Users/ruft/SCHOOL/GCD_BASE/GCD_BASE.srcs/sources_1/imports/task2/debounce.vhd:13]
INFO: [Synth 8-3491] module 'gcd' declared at 'C:/Users/ruft/SCHOOL/GCD_BASE/GCD_BASE.srcs/sources_1/imports/task2/gcd.vhd:18' bound to instance 'u2' of component 'gcd' [C:/Users/ruft/SCHOOL/GCD_BASE/GCD_BASE.srcs/sources_1/imports/task2/gcd_top.vhd:53]
INFO: [Synth 8-638] synthesizing module 'gcd' [C:/Users/ruft/SCHOOL/GCD_BASE/GCD_BASE.srcs/sources_1/imports/task2/gcd.vhd:27]
INFO: [Synth 8-256] done synthesizing module 'gcd' (2#1) [C:/Users/ruft/SCHOOL/GCD_BASE/GCD_BASE.srcs/sources_1/imports/task2/gcd.vhd:27]
INFO: [Synth 8-256] done synthesizing module 'gcd_top' (3#1) [C:/Users/ruft/SCHOOL/GCD_BASE/GCD_BASE.srcs/sources_1/imports/task2/gcd_top.vhd:27]
---------------------------------------------------------------------------------
Finished RTL Elaboration : Time (s): cpu = 00:00:05 ; elapsed = 00:00:06 . Memory (MB): peak = 1014.852 ; gain = 0.000
---------------------------------------------------------------------------------
---------------------------------------------------------------------------------
Start Handling Custom Attributes
---------------------------------------------------------------------------------
---------------------------------------------------------------------------------
Finished Handling Custom Attributes : Time (s): cpu = 00:00:06 ; elapsed = 00:00:06 . Memory (MB): peak = 1014.852 ; gain = 0.000
---------------------------------------------------------------------------------
---------------------------------------------------------------------------------
Finished RTL Optimization Phase 1 : Time (s): cpu = 00:00:06 ; elapsed = 00:00:06 . Memory (MB): peak = 1014.852 ; gain = 0.000
---------------------------------------------------------------------------------
Netlist sorting complete. Time (s): cpu = 00:00:00 ; elapsed = 00:00:00.004 . Memory (MB): peak = 1014.852 ; gain = 0.000
INFO: [Project 1-570] Preparing netlist for logic optimization

Processing XDC Constraints
Initializing timing engine
Parsing XDC File [C:/Users/ruft/SCHOOL/GCD_BASE/GCD_BASE.srcs/constrs_1/imports/task2/Nexys4DDR_gcd.xdc]
Finished Parsing XDC File [C:/Users/ruft/SCHOOL/GCD_BASE/GCD_BASE.srcs/constrs_1/imports/task2/Nexys4DDR_gcd.xdc]
INFO: [Project 1-236] Implementation specific constraints were found while reading constraint file [C:/Users/ruft/SCHOOL/GCD_BASE/GCD_BASE.srcs/constrs_1/imports/task2/Nexys4DDR_gcd.xdc]. These constraints will be ignored for synthesis but will be used in implementation. Impacted constraints are listed in the file [.Xil/gcd_top_propImpl.xdc].
Resolution: To avoid this warning, move constraints listed in [.Xil/gcd_top_propImpl.xdc] to another XDC file and exclude this new file from synthesis with the used_in_synthesis property (File Properties dialog in GUI) and re-run elaboration/synthesis.
Completed Processing XDC Constraints

Netlist sorting complete. Time (s): cpu = 00:00:00 ; elapsed = 00:00:00 . Memory (MB): peak = 1021.570 ; gain = 0.000
INFO: [Project 1-111] Unisim Transformation Summary:
No Unisim elements were transformed.

Constraint Validation Runtime : Time (s): cpu = 00:00:00 ; elapsed = 00:00:00.004 . Memory (MB): peak = 1021.570 ; gain = 0.000
---------------------------------------------------------------------------------
Finished Constraint Validation : Time (s): cpu = 00:00:12 ; elapsed = 00:00:13 . Memory (MB): peak = 1021.570 ; gain = 6.719
---------------------------------------------------------------------------------
---------------------------------------------------------------------------------
Start Loading Part and Timing Information
---------------------------------------------------------------------------------
Loading part: xc7a100tcsg324-1
---------------------------------------------------------------------------------
Finished Loading Part and Timing Information : Time (s): cpu = 00:00:12 ; elapsed = 00:00:13 . Memory (MB): peak = 1021.570 ; gain = 6.719
---------------------------------------------------------------------------------
---------------------------------------------------------------------------------
Start Applying 'set_property' XDC Constraints
---------------------------------------------------------------------------------
---------------------------------------------------------------------------------
Finished applying 'set_property' XDC Constraints : Time (s): cpu = 00:00:12 ; elapsed = 00:00:13 . Memory (MB): peak = 1021.570 ; gain = 6.719
---------------------------------------------------------------------------------
INFO: [Synth 8-802] inferred FSM for state register 'state_reg_reg' in module 'debounce'
INFO: [Synth 8-802] inferred FSM for state register 'state_reg' in module 'gcd'
---------------------------------------------------------------------------------------------------
                   State |                     New Encoding |                Previous Encoding 
---------------------------------------------------------------------------------------------------
                    zero |                               00 |                               00
                   wait1 |                               01 |                               11
                     one |                               10 |                               10
                   wait0 |                               11 |                               01
---------------------------------------------------------------------------------------------------
INFO: [Synth 8-3354] encoded FSM with state register 'state_reg_reg' using encoding 'sequential' in module 'debounce'
WARNING: [Synth 8-327] inferring latch for variable 'FSM_sequential_next_state_reg' [C:/Users/ruft/SCHOOL/GCD_BASE/GCD_BASE.srcs/sources_1/imports/task2/gcd.vhd:49]
WARNING: [Synth 8-327] inferring latch for variable 'FSM_onehot_next_state_reg' [C:/Users/ruft/SCHOOL/GCD_BASE/GCD_BASE.srcs/sources_1/imports/task2/gcd.vhd:49]
---------------------------------------------------------------------------------------------------
                   State |                     New Encoding |                Previous Encoding 
---------------------------------------------------------------------------------------------------
                  s_init |                     000000000001 |                             0000
                      s1 |                     000000000010 |                             0001
                      s2 |                     000000000100 |                             0010
                      s3 |                     000000001000 |                             0011
                      s4 |                     000000010000 |                             0100
                      s5 |                     000000100000 |                             0101
                      s6 |                     000001000000 |                             0110
                      s7 |                     000010000000 |                             0111
                      s8 |                     000100000000 |                             1000
                      s9 |                     001000000000 |                             1001
                     s10 |                     010000000000 |                             1010
                     s11 |                     100000000000 |                             1011
---------------------------------------------------------------------------------------------------
INFO: [Synth 8-3354] encoded FSM with state register 'state_reg' using encoding 'one-hot' in module 'gcd'
WARNING: [Synth 8-327] inferring latch for variable 'FSM_onehot_next_state_reg' [C:/Users/ruft/SCHOOL/GCD_BASE/GCD_BASE.srcs/sources_1/imports/task2/gcd.vhd:49]
WARNING: [Synth 8-327] inferring latch for variable 'ack_reg' [C:/Users/ruft/SCHOOL/GCD_BASE/GCD_BASE.srcs/sources_1/imports/task2/gcd.vhd:55]
WARNING: [Synth 8-327] inferring latch for variable 'next_reg_a_reg' [C:/Users/ruft/SCHOOL/GCD_BASE/GCD_BASE.srcs/sources_1/imports/task2/gcd.vhd:52]
WARNING: [Synth 8-327] inferring latch for variable 'next_reg_b_reg' [C:/Users/ruft/SCHOOL/GCD_BASE/GCD_BASE.srcs/sources_1/imports/task2/gcd.vhd:65]
---------------------------------------------------------------------------------
Finished RTL Optimization Phase 2 : Time (s): cpu = 00:00:13 ; elapsed = 00:00:13 . Memory (MB): peak = 1021.570 ; gain = 6.719
---------------------------------------------------------------------------------
---------------------------------------------------------------------------------
Start RTL Component Statistics 
---------------------------------------------------------------------------------
Detailed RTL Component Info : 
+---Adders : 
	   2 Input   20 Bit       Adders := 1     
	   3 Input   16 Bit       Adders := 2     
+---Registers : 
	               16 Bit    Registers := 3     
	                1 Bit    Registers := 2     
+---Muxes : 
	   2 Input   20 Bit        Muxes := 1     
	  12 Input   16 Bit        Muxes := 2     
	  12 Input   12 Bit        Muxes := 1     
	   2 Input   12 Bit        Muxes := 2     
	  12 Input    4 Bit        Muxes := 1     
	   4 Input    2 Bit        Muxes := 1     
	   2 Input    2 Bit        Muxes := 3     
	   2 Input    1 Bit        Muxes := 9     
	   4 Input    1 Bit        Muxes := 4     
	  12 Input    1 Bit        Muxes := 6     
---------------------------------------------------------------------------------
Finished RTL Component Statistics 
---------------------------------------------------------------------------------
---------------------------------------------------------------------------------
Start Part Resource Summary
---------------------------------------------------------------------------------
Part Resources:
DSPs: 240 (col length:80)
BRAMs: 270 (col length: RAMB18 80 RAMB36 40)
---------------------------------------------------------------------------------
Finished Part Resource Summary
---------------------------------------------------------------------------------
---------------------------------------------------------------------------------
Start Cross Boundary and Area Optimization
---------------------------------------------------------------------------------
---------------------------------------------------------------------------------
Finished Cross Boundary and Area Optimization : Time (s): cpu = 00:00:15 ; elapsed = 00:00:15 . Memory (MB): peak = 1021.570 ; gain = 6.719
---------------------------------------------------------------------------------
---------------------------------------------------------------------------------
Start Applying XDC Timing Constraints
---------------------------------------------------------------------------------
---------------------------------------------------------------------------------
Finished Applying XDC Timing Constraints : Time (s): cpu = 00:00:20 ; elapsed = 00:00:21 . Memory (MB): peak = 1021.570 ; gain = 6.719
---------------------------------------------------------------------------------
---------------------------------------------------------------------------------
Start Timing Optimization
---------------------------------------------------------------------------------
---------------------------------------------------------------------------------
Finished Timing Optimization : Time (s): cpu = 00:00:20 ; elapsed = 00:00:21 . Memory (MB): peak = 1030.984 ; gain = 16.133
---------------------------------------------------------------------------------
---------------------------------------------------------------------------------
Start Technology Mapping
---------------------------------------------------------------------------------
---------------------------------------------------------------------------------
Finished Technology Mapping : Time (s): cpu = 00:00:20 ; elapsed = 00:00:21 . Memory (MB): peak = 1031.801 ; gain = 16.949
---------------------------------------------------------------------------------
---------------------------------------------------------------------------------
Start IO Insertion
---------------------------------------------------------------------------------
---------------------------------------------------------------------------------
Start Flattening Before IO Insertion
---------------------------------------------------------------------------------
---------------------------------------------------------------------------------
Finished Flattening Before IO Insertion
---------------------------------------------------------------------------------
---------------------------------------------------------------------------------
Start Final Netlist Cleanup
---------------------------------------------------------------------------------
---------------------------------------------------------------------------------
Finished Final Netlist Cleanup
---------------------------------------------------------------------------------
---------------------------------------------------------------------------------
Finished IO Insertion : Time (s): cpu = 00:00:24 ; elapsed = 00:00:25 . Memory (MB): peak = 1038.586 ; gain = 23.734
---------------------------------------------------------------------------------
---------------------------------------------------------------------------------
Start Renaming Generated Instances
---------------------------------------------------------------------------------
---------------------------------------------------------------------------------
Finished Renaming Generated Instances : Time (s): cpu = 00:00:24 ; elapsed = 00:00:25 . Memory (MB): peak = 1038.586 ; gain = 23.734
---------------------------------------------------------------------------------
---------------------------------------------------------------------------------
Start Rebuilding User Hierarchy
---------------------------------------------------------------------------------
---------------------------------------------------------------------------------
Finished Rebuilding User Hierarchy : Time (s): cpu = 00:00:24 ; elapsed = 00:00:25 . Memory (MB): peak = 1038.586 ; gain = 23.734
---------------------------------------------------------------------------------
---------------------------------------------------------------------------------
Start Renaming Generated Ports
---------------------------------------------------------------------------------
---------------------------------------------------------------------------------
Finished Renaming Generated Ports : Time (s): cpu = 00:00:24 ; elapsed = 00:00:25 . Memory (MB): peak = 1038.586 ; gain = 23.734
---------------------------------------------------------------------------------
---------------------------------------------------------------------------------
Start Handling Custom Attributes
---------------------------------------------------------------------------------
---------------------------------------------------------------------------------
Finished Handling Custom Attributes : Time (s): cpu = 00:00:24 ; elapsed = 00:00:25 . Memory (MB): peak = 1038.586 ; gain = 23.734
---------------------------------------------------------------------------------
---------------------------------------------------------------------------------
Start Renaming Generated Nets
---------------------------------------------------------------------------------
---------------------------------------------------------------------------------
Finished Renaming Generated Nets : Time (s): cpu = 00:00:24 ; elapsed = 00:00:25 . Memory (MB): peak = 1038.586 ; gain = 23.734
---------------------------------------------------------------------------------
---------------------------------------------------------------------------------
Start Writing Synthesis Report
---------------------------------------------------------------------------------

Report BlackBoxes: 
+-+--------------+----------+
| |BlackBox name |Instances |
+-+--------------+----------+
+-+--------------+----------+

Report Cell Usage: 
+------+-------+------+
|      |Cell   |Count |
+------+-------+------+
|1     |BUFG   |     1|
|2     |CARRY4 |    22|
|3     |LUT1   |    20|
|4     |LUT2   |    38|
|5     |LUT3   |    23|
|6     |LUT4   |    89|
|7     |LUT5   |     1|
|8     |LUT6   |     5|
|9     |FDCE   |    24|
|10    |FDRE   |    59|
|11    |FDSE   |     1|
|12    |LD     |    45|
|13    |IBUF   |    19|
|14    |OBUF   |    17|
+------+-------+------+
---------------------------------------------------------------------------------
Finished Writing Synthesis Report : Time (s): cpu = 00:00:24 ; elapsed = 00:00:25 . Memory (MB): peak = 1038.586 ; gain = 23.734
---------------------------------------------------------------------------------
Synthesis finished with 0 errors, 0 critical warnings and 6 warnings.
Synthesis Optimization Runtime : Time (s): cpu = 00:00:16 ; elapsed = 00:00:23 . Memory (MB): peak = 1038.586 ; gain = 17.016
Synthesis Optimization Complete : Time (s): cpu = 00:00:24 ; elapsed = 00:00:25 . Memory (MB): peak = 1038.586 ; gain = 23.734
INFO: [Project 1-571] Translating synthesized netlist
Netlist sorting complete. Time (s): cpu = 00:00:00 ; elapsed = 00:00:00.005 . Memory (MB): peak = 1050.648 ; gain = 0.000
INFO: [Netlist 29-17] Analyzing 67 Unisim elements for replacement
INFO: [Netlist 29-28] Unisim Transformation completed in 0 CPU seconds
INFO: [Project 1-570] Preparing netlist for logic optimization
INFO: [Opt 31-138] Pushed 0 inverter(s) to 0 load pin(s).
Netlist sorting complete. Time (s): cpu = 00:00:00 ; elapsed = 00:00:00.001 . Memory (MB): peak = 1050.648 ; gain = 0.000
INFO: [Project 1-111] Unisim Transformation Summary:
  A total of 45 instances were transformed.
  LD => LDCE: 45 instances

INFO: [Common 17-83] Releasing license: Synthesis
27 Infos, 7 Warnings, 0 Critical Warnings and 0 Errors encountered.
synth_design completed successfully
synth_design: Time (s): cpu = 00:00:31 ; elapsed = 00:00:32 . Memory (MB): peak = 1050.648 ; gain = 35.797
INFO: [Common 17-1381] The checkpoint 'C:/Users/ruft/SCHOOL/GCD_BASE/GCD_BASE.runs/synth_1/gcd_top.dcp' has been generated.
INFO: [runtcl-4] Executing : report_utilization -file gcd_top_utilization_synth.rpt -pb gcd_top_utilization_synth.pb
INFO: [Common 17-206] Exiting Vivado at Thu Sep 30 11:58:17 2021...
